<?xml version="1.0" encoding="UTF-8"?>
<!-- Generated by org.testng.reporters.JUnitXMLReporter -->
<testsuite ignored="0" hostname="DESKTOP-CJN3ODS" failures="0" tests="5" name="Default test" time="0.11" errors="0" timestamp="05 Jul 2023 22:07:12 GMT">
  <testcase classname="com.acti.testcase.Basetest" name="@BeforeMethod pretest" time="0.0">
    <failure type="java.lang.NullPointerException" message="Cannot invoke &amp;quot;org.openqa.selenium.WebDriver.manage()&amp;quot; because &amp;quot;com.acti.base.DriverScript.driver&amp;quot; is null">
      <![CDATA[java.lang.NullPointerException: Cannot invoke "org.openqa.selenium.WebDriver.manage()" because "com.acti.base.DriverScript.driver" is null
at com.acti.base.DriverScript.initApplication(DriverScript.java:79)
at com.acti.testcase.Basetest.pretest(Basetest.java:33)
at java.base/jdk.internal.reflect.NativeMethodAccessorImpl.invoke0(Native Method)
at java.base/jdk.internal.reflect.NativeMethodAccessorImpl.invoke(NativeMethodAccessorImpl.java:77)
at java.base/jdk.internal.reflect.DelegatingMethodAccessorImpl.invoke(DelegatingMethodAccessorImpl.java:43)
at java.base/java.lang.reflect.Method.invoke(Method.java:568)
at org.testng.internal.MethodInvocationHelper.invokeMethod(MethodInvocationHelper.java:124)
at org.testng.internal.MethodInvocationHelper.invokeMethodConsideringTimeout(MethodInvocationHelper.java:59)
at org.testng.internal.Invoker.invokeConfigurationMethod(Invoker.java:458)
at org.testng.internal.Invoker.invokeConfigurations(Invoker.java:222)
at org.testng.internal.Invoker.invokeMethod(Invoker.java:523)
at org.testng.internal.Invoker.invokeTestMethod(Invoker.java:719)
at org.testng.internal.Invoker.invokeTestMethods(Invoker.java:989)
at org.testng.internal.TestMethodWorker.invokeTestMethods(TestMethodWorker.java:125)
at org.testng.internal.TestMethodWorker.run(TestMethodWorker.java:109)
at org.testng.TestRunner.privateRun(TestRunner.java:648)
at org.testng.TestRunner.run(TestRunner.java:505)
at org.testng.SuiteRunner.runTest(SuiteRunner.java:455)
at org.testng.SuiteRunner.runSequentially(SuiteRunner.java:450)
at org.testng.SuiteRunner.privateRun(SuiteRunner.java:415)
at org.testng.SuiteRunner.run(SuiteRunner.java:364)
at org.testng.SuiteRunnerWorker.runSuite(SuiteRunnerWorker.java:52)
at org.testng.SuiteRunnerWorker.run(SuiteRunnerWorker.java:84)
at org.testng.TestNG.runSuitesSequentially(TestNG.java:1208)
at org.testng.TestNG.runSuitesLocally(TestNG.java:1137)
at org.testng.TestNG.runSuites(TestNG.java:1049)
at org.testng.TestNG.run(TestNG.java:1017)
at org.testng.remote.AbstractRemoteTestNG.run(AbstractRemoteTestNG.java:115)
at org.testng.remote.RemoteTestNG.initAndRun(RemoteTestNG.java:251)
at org.testng.remote.RemoteTestNG.main(RemoteTestNG.java:77)
]]>
    </failure>
  </testcase> <!-- @BeforeMethod pretest -->
  <testcase classname="com.acti.testcase.Basetest" name="@AfterMethod teardown" time="0.0">
    <skipped/>
  </testcase> <!-- @AfterMethod teardown -->
  <testcase classname="com.acti.testcase.Basetest" name="@BeforeMethod pretest" time="0.0">
    <skipped/>
  </testcase> <!-- @BeforeMethod pretest -->
  <testcase classname="com.acti.testcase.Basetest" name="@AfterMethod teardown" time="0.0">
    <skipped/>
  </testcase> <!-- @AfterMethod teardown -->
  <testcase classname="com.acti.testcase.Basetest" name="@BeforeMethod pretest" time="0.0">
    <skipped/>
  </testcase> <!-- @BeforeMethod pretest -->
  <testcase classname="com.acti.testcase.Basetest" name="@AfterMethod teardown" time="0.0">
    <skipped/>
  </testcase> <!-- @AfterMethod teardown -->
  <testcase classname="com.acti.testcase.Basetest" name="@BeforeMethod pretest" time="0.0">
    <skipped/>
  </testcase> <!-- @BeforeMethod pretest -->
  <testcase classname="com.acti.testcase.Basetest" name="@AfterMethod teardown" time="0.0">
    <skipped/>
  </testcase> <!-- @AfterMethod teardown -->
  <testcase classname="com.acti.testcase.Basetest" name="@BeforeMethod pretest" time="0.0">
    <skipped/>
  </testcase> <!-- @BeforeMethod pretest -->
  <testcase classname="com.acti.testcase.Basetest" name="@AfterMethod teardown" time="0.0">
    <skipped/>
  </testcase> <!-- @AfterMethod teardown -->
  <testcase classname="com.acti.testcase.LoginPageTest" name="testActiImgDisplayed" time="0.0">
    <skipped/>
  </testcase> <!-- testActiImgDisplayed -->
  <testcase classname="com.acti.testcase.LoginPageTest" name="testforgotpassworddisplayed" time="0.0">
    <skipped/>
  </testcase> <!-- testforgotpassworddisplayed -->
  <testcase classname="com.acti.testcase.LoginPageTest" name="testloginfunction" time="0.0">
    <skipped/>
  </testcase> <!-- testloginfunction -->
  <testcase classname="com.acti.testcase.LoginPageTest" name="testlogininvalidcradential" time="0.0">
    <skipped/>
  </testcase> <!-- testlogininvalidcradential -->
  <testcase classname="com.acti.testcase.LoginPageTest" name="testloginpagetitle" time="0.0">
    <skipped/>
  </testcase> <!-- testloginpagetitle -->
</testsuite> <!-- Default test -->
